<?xml version="1.0" encoding="UTF-8"?>
<!-- Generated by org.testng.reporters.JUnitXMLReporter -->
<testsuite hostname="Ceroshs-MacBook-Pro.local" ignored="0" name="Test Execution in Chrome" tests="1" failures="0" timestamp="19 May 2018 09:37:39 GMT" time="32.459" errors="0">
  <testcase name="@AfterClass tearDown" time="0.0" classname="parallel.BaseTest">
    <failure type="java.lang.NullPointerException">
      <![CDATA[java.lang.NullPointerException
	at parallel.BaseTest.tearDown(BaseTest.java:21)
	at java.util.concurrent.FutureTask.run(FutureTask.java:266)
	at java.util.concurrent.ThreadPoolExecutor.runWorker(ThreadPoolExecutor.java:1149)
	at java.util.concurrent.ThreadPoolExecutor$Worker.run(ThreadPoolExecutor.java:624)
	at java.lang.Thread.run(Thread.java:748)
... Removed 16 stack frames]]>
    </failure>
  </testcase> <!-- @AfterClass tearDown -->
  <testcase name="testParameterWithXML" time="31.354" classname="parallel.WikiTestScript"/>
</testsuite> <!-- Test Execution in Chrome -->
