<?xml version="1.0" encoding="UTF-8"?>
<testng-results skipped="0" failed="0" ignored="0" total="1" passed="1">
  <reporter-output>
  </reporter-output>
  <suite name="TestSuite" duration-ms="143773" started-at="2018-05-16T08:37:58Z" finished-at="2018-05-16T08:40:22Z">
    <groups>
    </groups>
    <test name="ChromeTest" duration-ms="143773" started-at="2018-05-16T08:37:58Z" finished-at="2018-05-16T08:40:22Z">
      <class name="parallel.WikiTestScript">
        <test-method status="PASS" signature="setup(java.lang.String)[pri:0, instance:parallel.WikiTestScript@685cb137]" name="setup" is-config="true" duration-ms="1115" started-at="2018-05-16T18:37:58Z" finished-at="2018-05-16T18:37:59Z">
          <params>
            <param index="0">
              <value>
                <![CDATA[chrome]]>
              </value>
            </param>
          </params>
          <reporter-output>
          </reporter-output>
        </test-method> <!-- setup -->
        <test-method status="PASS" signature="testParameterWithXML()[pri:0, instance:parallel.WikiTestScript@685cb137]" name="testParameterWithXML" duration-ms="142513" started-at="2018-05-16T18:37:59Z" finished-at="2018-05-16T18:40:22Z">
          <reporter-output>
          </reporter-output>
        </test-method> <!-- testParameterWithXML -->
        <test-method status="PASS" signature="tearDown()[pri:0, instance:parallel.WikiTestScript@685cb137]" name="tearDown" is-config="true" duration-ms="127" started-at="2018-05-16T18:40:22Z" finished-at="2018-05-16T18:40:22Z">
          <reporter-output>
          </reporter-output>
        </test-method> <!-- tearDown -->
      </class> <!-- parallel.WikiTestScript -->
    </test> <!-- ChromeTest -->
  </suite> <!-- TestSuite -->
</testng-results>
