<?xml version="1.0" encoding="UTF-8"?>
<testng-results skipped="0" failed="0" ignored="0" total="2" passed="2">
  <reporter-output>
  </reporter-output>
  <suite name="Wikipedia Test Report " duration-ms="37096" started-at="2018-05-19T09:45:43Z" finished-at="2018-05-19T09:46:20Z">
    <groups>
    </groups>
    <test name="Test Execution in Chrome-2" duration-ms="36752" started-at="2018-05-19T09:45:43Z" finished-at="2018-05-19T09:46:19Z">
      <class name="parallel.WikiTestScript">
        <test-method status="PASS" signature="setUp(java.lang.String)[pri:0, instance:parallel.WikiTestScript@6eebc39e]" name="setUp" is-config="true" duration-ms="1484" started-at="2018-05-19T19:45:43Z" finished-at="2018-05-19T19:45:44Z">
          <params>
            <param index="0">
              <value>
                <![CDATA[chrome]]>
              </value>
            </param>
          </params>
          <reporter-output>
          </reporter-output>
        </test-method> <!-- setUp -->
        <test-method status="PASS" signature="testParameterWithXML()[pri:0, instance:parallel.WikiTestScript@6eebc39e]" name="testParameterWithXML" duration-ms="35161" started-at="2018-05-19T19:45:44Z" description="Validates the dynamic identification and navigation of Wikipedia pages" finished-at="2018-05-19T19:46:19Z">
          <reporter-output>
          </reporter-output>
        </test-method> <!-- testParameterWithXML -->
        <test-method status="PASS" signature="tearDown()[pri:0, instance:parallel.WikiTestScript@6eebc39e]" name="tearDown" is-config="true" duration-ms="93" started-at="2018-05-19T19:46:19Z" finished-at="2018-05-19T19:46:19Z">
          <reporter-output>
          </reporter-output>
        </test-method> <!-- tearDown -->
      </class> <!-- parallel.WikiTestScript -->
    </test> <!-- Test Execution in Chrome-2 -->
    <test name="Test Execution in Chrome-1" duration-ms="37096" started-at="2018-05-19T09:45:43Z" finished-at="2018-05-19T09:46:20Z">
      <class name="parallel.WikiTestScript">
        <test-method status="PASS" signature="setUp(java.lang.String)[pri:0, instance:parallel.WikiTestScript@77caeb3e]" name="setUp" is-config="true" duration-ms="1474" started-at="2018-05-19T19:45:43Z" finished-at="2018-05-19T19:45:44Z">
          <params>
            <param index="0">
              <value>
                <![CDATA[chrome]]>
              </value>
            </param>
          </params>
          <reporter-output>
          </reporter-output>
        </test-method> <!-- setUp -->
        <test-method status="PASS" signature="testParameterWithXML()[pri:0, instance:parallel.WikiTestScript@77caeb3e]" name="testParameterWithXML" duration-ms="35508" started-at="2018-05-19T19:45:44Z" description="Validates the dynamic identification and navigation of Wikipedia pages" finished-at="2018-05-19T19:46:20Z">
          <reporter-output>
          </reporter-output>
        </test-method> <!-- testParameterWithXML -->
        <test-method status="PASS" signature="tearDown()[pri:0, instance:parallel.WikiTestScript@77caeb3e]" name="tearDown" is-config="true" duration-ms="91" started-at="2018-05-19T19:46:20Z" finished-at="2018-05-19T19:46:20Z">
          <reporter-output>
          </reporter-output>
        </test-method> <!-- tearDown -->
      </class> <!-- parallel.WikiTestScript -->
    </test> <!-- Test Execution in Chrome-1 -->
  </suite> <!-- Wikipedia Test Report  -->
</testng-results>
