<?xml version="1.0" encoding="UTF-8"?>
<!-- Generated by org.testng.reporters.JUnitXMLReporter -->
<testsuite hostname="Ceroshs-MacBook-Pro.local" ignored="0" name="ChromeTest(failed)" tests="1" failures="1" timestamp="13 May 2018 04:48:24 GMT" time="1.275" errors="0">
  <testcase name="testParameterWithXML" time="0.005" classname="parallel.WikiTestScript">
    <failure type="java.lang.NullPointerException">
      <![CDATA[java.lang.NullPointerException
	at parallel.HomePage.launchHomePage(HomePage.java:16)
	at parallel.WikiTestScript.testParameterWithXML(WikiTestScript.java:41)
	at java.util.concurrent.FutureTask.run(FutureTask.java:266)
	at java.util.concurrent.ThreadPoolExecutor.runWorker(ThreadPoolExecutor.java:1149)
	at java.util.concurrent.ThreadPoolExecutor$Worker.run(ThreadPoolExecutor.java:624)
	at java.lang.Thread.run(Thread.java:748)
... Removed 16 stack frames]]>
    </failure>
  </testcase> <!-- testParameterWithXML -->
</testsuite> <!-- ChromeTest(failed) -->
