<?xml version="1.0" encoding="UTF-8"?>
<!-- Generated by org.testng.reporters.JUnitXMLReporter -->
<testsuite hostname="Ceroshs-MacBook-Pro.local" ignored="0" name="ChromeTest" tests="1" failures="1" timestamp="16 May 2018 10:47:03 GMT" time="23.973" errors="0">
  <testcase name="testParameterWithXML" time="22.727" classname="parallel.WikiTestScript">
    <failure type="java.lang.NullPointerException">
      <![CDATA[java.lang.NullPointerException
	at parallel.LangHomePage.clkLangLink(LangHomePage.java:61)
	at parallel.LangHomePage.launchLangHomePage(LangHomePage.java:33)
	at parallel.WikiTestScript.testParameterWithXML(WikiTestScript.java:13)
	at java.util.concurrent.FutureTask.run(FutureTask.java:266)
	at java.util.concurrent.ThreadPoolExecutor.runWorker(ThreadPoolExecutor.java:1149)
	at java.util.concurrent.ThreadPoolExecutor$Worker.run(ThreadPoolExecutor.java:624)
	at java.lang.Thread.run(Thread.java:748)
... Removed 16 stack frames]]>
    </failure>
  </testcase> <!-- testParameterWithXML -->
</testsuite> <!-- ChromeTest -->
